<?xml version="1.0" encoding="utf-8"?><testsuites name="pytest tests"><testsuite name="pytest" errors="0" failures="1" skipped="0" tests="1" time="3.429" timestamp="2025-10-09T09:08:54.195692+09:00" hostname="Moc"><testcase classname="tests.integration.test_full_workflow.TestFullWorkflow" name="test_dispatch_task_workflow" time="0.868"><failure message="assert 500 in [200, 202]&#10; +  where 500 = &lt;Response [500 Internal Server Error]&gt;.status_code">tests\integration\test_full_workflow.py:218: in test_dispatch_task_workflow
    assert response.status_code in [200, 202]
E   assert 500 in [200, 202]
E    +  where 500 = &lt;Response [500 Internal Server Error]&gt;.status_code</failure></testcase></testsuite></testsuites>